app/build/outputs/mapping/release/seeds.txt
com.example.feodal.Player$Color: com.example.feodal.Player$Color[] values()
com.example.feodal.Player$Color: com.example.feodal.Player$Color valueOf(java.lang.String)
com.example.feodal.Player$PartTriangle: com.example.feodal.Player$PartTriangle valueOf(java.lang.String)
com.example.feodal.Field
com.example.feodal.ParametersGame
com.example.feodal.Field: Field()
com.example.feodal.MainActivity: MainActivity()
com.example.feodal.MainActivity
com.example.feodal.MainActivity: void onClick(android.view.View)
com.example.feodal.Player$Corner: com.example.feodal.Player$Corner valueOf(java.lang.String)
com.example.feodal.TableViewer: TableViewer(android.content.Context,android.util.AttributeSet)
com.example.feodal.TableViewer
com.example.feodal.TableViewer: void setTriangle(com.example.feodal.TableViewer$IDTrianglePart)
com.example.feodal.ParametersGame: void onClick(android.view.View)
com.example.feodal.ParametersGame: ParametersGame()
com.example.feodal.Player$Corner: com.example.feodal.Player$Corner[] values()
com.example.feodal.Player$PartTriangle: com.example.feodal.Player$PartTriangle[] values()
...
androidx.constraintlayout.widget.ConstraintLayout: int getMinHeight()
androidx.appcompat.widget.AppCompatSpinner: int getDropDownHorizontalOffset()
androidx.appcompat.widget.Toolbar: int getContentInsetStartWithNavigation()
androidx.appcompat.widget.AppCompatTextView: void setLineHeight(int)
androidx.appcompat.widget.AppCompatMultiAutoCompleteTextView: android.content.res.ColorStateList getSupportBackgroundTintList()
androidx.appcompat.widget.Toolbar: void setContentInsetStartWithNavigation(int)
androidx.appcompat.widget.ContentFrameLayout: void setAttachListener(androidx.appcompat.widget.ContentFrameLayout$OnAttachListener)
androidx.appcompat.widget.ActionBarContainer: void setTransitioning(boolean)
androidx.activity.ComponentActivity: ComponentActivity()
androidx.appcompat.widget.AppCompatMultiAutoCompleteTextView: void setSupportBackgroundTintList(android.content.res.ColorStateList)
androidx.constraintlayout.solver.widgets.analyzer.DependencyNode$Type: androidx.constraintlayout.solver.widgets.analyzer.DependencyNode$Type valueOf(java.lang.String)
androidx.appcompat.widget.SearchView: void setInputType(int)
androidx.appcompat.widget.Toolbar: void setTitleTextColor(int)
androidx.appcompat.widget.LinearLayoutCompat: LinearLayoutCompat(android.content.Context)
android.support.v4.app.RemoteActionCompatParcelizer
androidx.vectordrawable.graphics.drawable.VectorDrawableCompat$VFullPath: int getStrokeColor()
androidx.appcompat.widget.ActionBarOverlayLayout: void setHasNonEmbeddedTabs(boolean)
androidx.appcompat.widget.AppCompatEditText: void setSupportBackgroundTintList(android.content.res.ColorStateList)
androidx.media.AudioAttributesCompatParcelizer: androidx.media.AudioAttributesCompat read(androidx.versionedparcelable.VersionedParcel)
androidx.appcompat.widget.Toolbar: int getContentInsetStart()
androidx.appcompat.widget.LinearLayoutCompat: void setOrientation(int)
androidx.appcompat.widget.Toolbar: Toolbar(android.content.Context,android.util.AttributeSet)
androidx.appcompat.widget.AppCompatImageView: void setBackgroundDrawable(android.graphics.drawable.Drawable)
androidx.appcompat.view.menu.ListMenuItemView: void setSubMenuArrowVisible(boolean)
androidx.appcompat.widget.AppCompatImageView: android.graphics.PorterDuff$Mode getSupportImageTintMode()
androidx.appcompat.widget.AppCompatButton: void setSupportCompoundDrawablesTintMode(android.graphics.PorterDuff$Mode)
androidx.appcompat.widget.AppCompatMultiAutoCompleteTextView: void setSupportBackgroundTintMode(android.graphics.PorterDuff$Mode)
androidx.appcompat.widget.AppCompatTextView: java.lang.CharSequence getText()
androidx.appcompat.widget.ContentFrameLayout: android.util.TypedValue getFixedHeightMajor()
androidx.lifecycle.Lifecycle$State: androidx.lifecycle.Lifecycle$State[] values()
androidx.appcompat.widget.AppCompatImageButton: void setBackgroundResource(int)
androidx.core.widget.NestedScrollView: float getVerticalScrollFactorCompat()
androidx.appcompat.widget.ActionMenuView
androidx.appcompat.widget.ActionBarContextView: void setTitleOptional(boolean)
androidx.loader.app.LoaderManagerImpl$LoaderViewModel
androidx.lifecycle.ReflectiveGenericLifecycleObserver
androidx.appcompat.widget.Toolbar: int getContentInsetEndWithActions()
androidx.appcompat.widget.AppCompatCheckBox: void setButtonDrawable(int)
androidx.vectordrawable.graphics.drawable.VectorDrawableCompat$VFullPath: float getTrimPathOffset()
androidx.constraintlayout.widget.Barrier: void setDpMargin(int)
androidx.appcompat.widget.ButtonBarLayout
androidx.appcompat.widget.AppCompatEditText: android.content.res.ColorStateList getSupportBackgroundTintList()
androidx.appcompat.widget.AppCompatRadioButton: android.content.res.ColorStateList getSupportButtonTintList()
androidx.vectordrawable.graphics.drawable.VectorDrawableCompat$VFullPath: float getStrokeWidth()
androidx.appcompat.widget.MenuPopupWindow$MenuDropDownListView