app/build/outputs/mapping/release/mapping.txt
# compiler: R8
# compiler_version: 2.1.86
# min_api: 26
# pg_map_id: 0e11bb6
# common_typos_disable
com.example.feodal.-$$Lambda$MainActivity$MkZQ4OLw8EBT0rBflDaJYfJjvVs -> c.b.a.a:
    android.view.Window f$0 -> a
    1:1:void com.example.feodal.MainActivity.lambda$hideNavigationBar$1(android.view.Window,int):0:0 -> onSystemUiVisibilityChange
    1:1:void onSystemUiVisibilityChange(int):0 -> onSystemUiVisibilityChange
com.example.feodal.-$$Lambda$MainActivity$PEMLwidvEBp0h3p_ljigIcy8e3Y -> c.b.a.b:
    android.view.Window f$0 -> b
    1:1:void com.example.feodal.MainActivity.lambda$null$0(android.view.Window):0:0 -> run
    1:1:void run():0 -> run
com.example.feodal.Field -> com.example.feodal.Field:
    android.widget.TextView sMotionText -> p
    com.example.feodal.Player[] mPlayers -> r
    com.example.feodal.TableViewer mTableLayout -> o
    android.widget.ImageView sMotion -> q
    1:1:void androidx.appcompat.app.WindowDecorActionBar.setDisplayOptions(int):0:0 -> onCreate
    1:1:void onCreate(android.os.Bundle):0 -> onCreate
    2:2:void onCreate(android.os.Bundle):0:0 -> onCreate
    3:3:void androidx.appcompat.app.WindowDecorActionBar.setHomeButtonEnabled(boolean):0:0 -> onCreate
    3:3:void onCreate(android.os.Bundle):0 -> onCreate
    4:4:void onCreate(android.os.Bundle):0:0 -> onCreate
    5:5:void com.example.feodal.TableViewer.create(int,int):0:0 -> onCreate
    5:5:void onCreate(android.os.Bundle):0 -> onCreate
    6:6:int com.example.feodal.Pole.getQuantityPoints():0:0 -> onCreate
    6:6:void com.example.feodal.TableViewer.create(int,int):0 -> onCreate
    6:6:void onCreate(android.os.Bundle):0 -> onCreate
    7:7:void com.example.feodal.TableViewer.create(int,int):0:0 -> onCreate
    7:7:void onCreate(android.os.Bundle):0 -> onCreate
    8:8:int com.example.feodal.Pole.getQuantityPoints():0:0 -> onCreate
    8:8:void com.example.feodal.TableViewer.create(int,int):0 -> onCreate
    8:8:void onCreate(android.os.Bundle):0 -> onCreate
    9:9:void com.example.feodal.TableViewer.create(int,int):0:0 -> onCreate
    9:9:void onCreate(android.os.Bundle):0 -> onCreate
com.example.feodal.MainActivity -> com.example.feodal.MainActivity:
    int $r8$clinit -> o
    1:1:void androidx.appcompat.app.WindowDecorActionBar.setBackgroundDrawable(android.graphics.drawable.Drawable):0:0 -> onCreate
    1:1:void onCreate(android.os.Bundle):0 -> onCreate
    2:2:void onCreate(android.os.Bundle):0:0 -> onCreate
    void hideNavigationBar(android.view.Window) -> s
com.example.feodal.ParametersGame -> com.example.feodal.ParametersGame:
    android.widget.TextView mNumberPlayersText -> o
    android.widget.SeekBar$OnSeekBarChangeListener numberColumnsBarChangeListener -> t
    android.widget.SeekBar$OnSeekBarChangeListener numberPlayersBarChangeListener -> s
    android.widget.TextView mNumberColumnsText -> p
    int mQuantityColumns -> r
    int mQuantityPlayers -> q
    1:1:void androidx.appcompat.app.WindowDecorActionBar.setDisplayOptions(int):0:0 -> onCreate
    1:1:void onCreate(android.os.Bundle):0 -> onCreate
    2:2:void onCreate(android.os.Bundle):0:0 -> onCreate
    3:3:void androidx.appcompat.app.WindowDecorActionBar.setHomeButtonEnabled(boolean):0:0 -> onCreate
    3:3:void onCreate(android.os.Bundle):0 -> onCreate
    4:4:void onCreate(android.os.Bundle):0:0 -> onCreate
com.example.feodal.ParametersGame$1 -> com.example.feodal.ParametersGame$a:
    com.example.feodal.ParametersGame this$0 -> a
    1:1:int com.example.feodal.ParametersGame.access$002(com.example.feodal.ParametersGame,int):0:0 -> onProgressChanged
    1:1:void onProgressChanged(android.widget.SeekBar,int,boolean):0 -> onProgressChanged
    2:2:android.widget.TextView com.example.feodal.ParametersGame.access$100(com.example.feodal.ParametersGame):0:0 -> onProgressChanged
    2:2:void onProgressChanged(android.widget.SeekBar,int,boolean):0 -> onProgressChanged
    3:3:void onProgressChanged(android.widget.SeekBar,int,boolean):0:0 -> onProgressChanged
...
androidx.arch.core.internal.FastSafeIterableMap -> b.c.a.b.a:
    java.util.HashMap mHashMap -> e
    androidx.arch.core.internal.SafeIterableMap$Entry get(java.lang.Object) -> a
    java.lang.Object remove(java.lang.Object) -> d
    1:1:androidx.arch.core.internal.SafeIterableMap$Entry get(java.lang.Object):0:0 -> e
    1:1:java.lang.Object putIfAbsent(java.lang.Object,java.lang.Object):0 -> e
    2:2:java.lang.Object putIfAbsent(java.lang.Object,java.lang.Object):0:0 -> e
androidx.arch.core.internal.SafeIterableMap -> b.c.a.b.b:
    androidx.arch.core.internal.SafeIterableMap$Entry mStart -> a
    androidx.arch.core.internal.SafeIterableMap$Entry mEnd -> b
    int mSize -> d
    java.util.WeakHashMap mIterators -> c
    androidx.arch.core.internal.SafeIterableMap$Entry get(java.lang.Object) -> a
    androidx.arch.core.internal.SafeIterableMap$IteratorWithAdditions iteratorWithAdditions() -> b
    androidx.arch.core.internal.SafeIterableMap$Entry put(java.lang.Object,java.lang.Object) -> c
    java.lang.Object remove(java.lang.Object) -> d
    1:1:int size():0:0 -> equals
    1:1:boolean equals(java.lang.Object):0 -> equals
    2:2:boolean equals(java.lang.Object):0:0 -> equals
androidx.arch.core.internal.SafeIterableMap$AscendingIterator -> b.c.a.b.b$a:
    androidx.arch.core.internal.SafeIterableMap$Entry backward(androidx.arch.core.internal.SafeIterableMap$Entry) -> b
    androidx.arch.core.internal.SafeIterableMap$Entry forward(androidx.arch.core.internal.SafeIterableMap$Entry) -> c
androidx.arch.core.internal.SafeIterableMap$DescendingIterator -> b.c.a.b.b$b:
    androidx.arch.core.internal.SafeIterableMap$Entry backward(androidx.arch.core.internal.SafeIterableMap$Entry) -> b
    androidx.arch.core.internal.SafeIterableMap$Entry forward(androidx.arch.core.internal.SafeIterableMap$Entry) -> c
androidx.arch.core.internal.SafeIterableMap$Entry -> b.c.a.b.b$c:
    androidx.arch.core.internal.SafeIterableMap$Entry mNext -> c
    androidx.arch.core.internal.SafeIterableMap$Entry mPrevious -> d
    java.lang.Object mValue -> b
    java.lang.Object mKey -> a
androidx.arch.core.internal.SafeIterableMap$IteratorWithAdditions -> b.c.a.b.b$d:
    androidx.arch.core.internal.SafeIterableMap$Entry mCurrent -> a
    androidx.arch.core.internal.SafeIterableMap this$0 -> c
    boolean mBeforeStart -> b
    void supportRemove(androidx.arch.core.internal.SafeIterableMap$Entry) -> a
    1:1:java.util.Map$Entry next():0:0 -> next
    1:1:java.lang.Object next():0 -> next
androidx.arch.core.internal.SafeIterableMap$ListIterator -> b.c.a.b.b$e:
    androidx.arch.core.internal.SafeIterableMap$Entry mExpectedEnd -> a
    androidx.arch.core.internal.SafeIterableMap$Entry mNext -> b
    1:1:androidx.arch.core.internal.SafeIterableMap$Entry nextNode():0:0 -> a
    1:1:void supportRemove(androidx.arch.core.internal.SafeIterableMap$Entry):0 -> a
    2:2:void supportRemove(androidx.arch.core.internal.SafeIterableMap$Entry):0:0 -> a
    androidx.arch.core.internal.SafeIterableMap$Entry backward(androidx.arch.core.internal.SafeIterableMap$Entry) -> b
    androidx.arch.core.internal.SafeIterableMap$Entry forward(androidx.arch.core.internal.SafeIterableMap$Entry) -> c
    1:1:java.util.Map$Entry next():0:0 -> next
    1:1:java.lang.Object next():0 -> next
    2:2:androidx.arch.core.internal.SafeIterableMap$Entry nextNode():0:0 -> next
    2:2:java.util.Map$Entry next():0 -> next
    2:2:java.lang.Object next():0 -> next
    3:3:java.util.Map$Entry next():0:0 -> next
    3:3:java.lang.Object next():0 -> next
androidx.arch.core.internal.SafeIterableMap$SupportRemove -> b.c.a.b.b$f:
    void supportRemove(androidx.arch.core.internal.SafeIterableMap$Entry) -> a