app/build/outputs/mapping/release/usage.txt
com.example.feodal.R$integer
com.example.feodal.R$interpolator
com.example.feodal.R$attr
com.example.feodal.R$anim
com.example.feodal.R$color
com.example.feodal.R$string
com.example.feodal.R$style
com.example.feodal.R$bool
com.example.feodal.R$mipmap
com.example.feodal.R$styleable
com.example.feodal.Player:
    public int getAccount()
com.example.feodal.R$dimen
com.example.feodal.R$drawable
com.example.feodal.R$id
com.example.feodal.R$xml
com.example.feodal.ParametersGame:
    static final java.lang.String EXTRA_QUANTITY_PLAYERS
    static final java.lang.String EXTRA_QUANTITY_COLUMNS
com.example.feodal.R
com.example.feodal.BuildConfig
com.example.feodal.R$layout
com.example.feodal.TableViewer:
    public static final int MIN_QUANTITY_POINTS
    public static final int MAX_QUANTITY_POINTS
    private static final int QUANTITY_LAYER
com.example.feodal.TableViewer$MyGestureListener:
    public void <init>(com.example.feodal.TableViewer)
com.example.feodal.Pole:
    public int getPoint(int,int)
    public void setPoint(int,int,int)
    public int getQuantityPoints()
    public int getMinX()
    public void updateRange(int,int)
    public int getMinY()
    public int getMaxX()
    public int getMaxY()
    public void checkTriangles(int)
com.example.feodal.MainActivity:
    public static synthetic void lambda$hideNavigationBar$1(android.view.Window,int)
    public static synthetic void lambda$null$0(android.view.Window)
com.example.feodal.TableViewer$IDTrianglePart:
    public void <init>(com.example.feodal.Player,int,int)
    public void <init>(com.example.feodal.Player)
    public static void access$300(com.example.feodal.TableViewer$IDTrianglePart,int,int)
    public static void access$600(com.example.feodal.TableViewer$IDTrianglePart,int[][][])
    public static int access$700(com.example.feodal.TableViewer$IDTrianglePart)
    public static int access$800(com.example.feodal.TableViewer$IDTrianglePart)
    public final void setXY(int,int)
    public final int getY()
    public final int getX()
    public final boolean compare(int[][][])
    public final void putInTriangle(int[][][])
    public final com.example.feodal.TableViewer$IDTrianglePart invoke(com.example.feodal.Player$Corner,com.example.feodal.Player$PartTriangle)
com.example.feodal.TableViewer$MyScaleGestureListener:
    public void <init>(com.example.feodal.TableViewer)
com.example.feodal.TableViewer$1:
    public static void <clinit>()
    public static final synthetic int[] $SwitchMap$com$example$feodal$Player$Corner
com.example.feodal.Player:
    public static int getIdDrawable(android.content.Context,java.lang.String)
    public java.lang.String getName()
    public int getPoint()
    public int getTriangle(com.example.feodal.Player$Corner,com.example.feodal.Player$PartTriangle)
    public android.widget.TextView getTextAccount()
    public void setAccount(int)
    public int mAccount
com.example.feodal.ParametersGame:
    public static synthetic int access$002(com.example.feodal.ParametersGame,int)
    public static synthetic android.widget.TextView access$100(com.example.feodal.ParametersGame)
    public static synthetic int access$202(com.example.feodal.ParametersGame,int)
    public static synthetic android.widget.TextView access$300(com.example.feodal.ParametersGame)
...
io.reactivex.rxjava3.internal.operators.maybe.MaybeFilterSingle
androidx.core.util.Preconditions:
    public static void checkArgument(boolean)
    public static void checkArgument(boolean,java.lang.Object)
    public static void checkState(boolean,java.lang.String)
    public static void checkState(boolean)
    public static int checkArgumentNonnegative(int,java.lang.String)
    public static int checkArgumentInRange(int,int,int,java.lang.String)
    private void <init>()
io.reactivex.rxjava3.subjects.ReplaySubject$ReplayBuffer
io.reactivex.rxjava3.observables.GroupedObservable
android.support.v4.media.RatingCompat:
    public static android.support.v4.media.RatingCompat newUnratedRating(int)
    public static android.support.v4.media.RatingCompat newHeartRating(boolean)
    public static android.support.v4.media.RatingCompat newThumbRating(boolean)
    public static android.support.v4.media.RatingCompat newStarRating(int,float)
    public static android.support.v4.media.RatingCompat newPercentageRating(float)
    public static android.support.v4.media.RatingCompat fromRating(java.lang.Object)
    public boolean isRated()
    public int getRatingStyle()
    public boolean hasHeart()
    public boolean isThumbUp()
    public float getStarRating()
    public float getPercentRating()
    public java.lang.Object getRating()
    private java.lang.Object mRatingObj
    private static final java.lang.String TAG
    public static final int RATING_NONE
    public static final int RATING_HEART
    public static final int RATING_THUMB_UP_DOWN
    public static final int RATING_3_STARS
    public static final int RATING_4_STARS
    public static final int RATING_5_STARS
    public static final int RATING_PERCENTAGE
    private static final float RATING_NOT_RATED
androidx.slidingpanelayout.R$color
androidx.core.widget.CompoundButtonCompat:
    private void <init>()
    public static android.content.res.ColorStateList getButtonTintList(android.widget.CompoundButton)
    public static android.graphics.PorterDuff$Mode getButtonTintMode(android.widget.CompoundButton)
    private static final java.lang.String TAG
io.reactivex.rxjava3.internal.operators.observable.ObservableWithLatestFromMany$WithLatestFromObserver
io.reactivex.rxjava3.internal.operators.observable.ObservableConcatMapScheduler$ConcatMapObserver
androidx.core.text.TextUtilsCompat
androidx.appcompat.resources.R$style
androidx.constraintlayout.utils.widget.ImageFilterView$ImageMatrix
io.reactivex.rxjava3.internal.operators.single.SingleDoOnLifecycle$SingleLifecycleObserver
io.reactivex.rxjava3.internal.operators.single.SingleInternalHelper
io.reactivex.rxjava3.internal.operators.observable.ObservableIgnoreElements$IgnoreObservable
androidx.core.app.NotificationCompat$Action$WearableExtender
io.reactivex.rxjava3.internal.fuseable.HasUpstreamCompletableSource
io.reactivex.rxjava3.internal.operators.single.SingleOnErrorComplete
androidx.core.view.ViewCompat$Api21Impl:
    private void <init>()
io.reactivex.rxjava3.internal.operators.observable.ObservableDistinctUntilChanged
io.reactivex.rxjava3.internal.operators.maybe.MaybeFromSingle$FromSingleObserver
io.reactivex.rxjava3.internal.operators.observable.ObservableRangeLong
io.reactivex.rxjava3.internal.operators.flowable.FlowableTimeout$TimeoutSubscriber
androidx.constraintlayout.motion.widget.MotionLayout$Model
io.reactivex.rxjava3.internal.operators.flowable.FlowableInternalHelper$FlatMapIntoIterable
io.reactivex.rxjava3.internal.operators.observable.ObservableWithLatestFrom
androidx.constraintlayout.motion.widget.SplineSet$RotationXset
androidx.coordinatorlayout.widget.CoordinatorLayout$OnPreDrawListener
androidx.core.text.TextDirectionHeuristicsCompat$TextDirectionHeuristicInternal
androidx.versionedparcelable.ParcelImpl:
    public void <init>(androidx.versionedparcelable.VersionedParcelable)
    public androidx.versionedparcelable.VersionedParcelable getVersionedParcel()